<?xml version="1.0" encoding="UTF-8"?>
<!-- Generated by org.testng.reporters.JUnitReportReporter -->
<testsuite hostname="RAVI-11" failures="0" tests="1" name="uiStores.TestCaseOneTesting" time="3.349" errors="0" timestamp="19 Nov 2021 02:26:40 GMT">
  <testcase classname="uiStores.TestCaseOneTesting" name="HotelInBengaluru" time="3.349"/>
</testsuite> <!-- uiStores.TestCaseOneTesting -->
