<?xml version="1.0" encoding="UTF-8"?>
<!-- Generated by org.testng.reporters.JUnitReportReporter -->
<testsuite hostname="RAVI-11" failures="0" tests="1" name="pageObjects.TestCaseTwoTesting" time="86.667" errors="0" timestamp="19 Nov 2021 07:43:57 GMT">
  <testcase classname="pageObjects.TestCaseTwoTesting" name="findResort" time="86.667"/>
</testsuite> <!-- pageObjects.TestCaseTwoTesting -->
