<?xml version="1.0" encoding="UTF-8"?>
<!-- Generated by org.testng.reporters.JUnitReportReporter -->
<testsuite hostname="RAVI-11" failures="0" tests="1" name="pageObjects.TestCaseThreeTesting" time="115.645" errors="0" timestamp="19 Nov 2021 07:43:56 GMT">
  <testcase classname="pageObjects.TestCaseThreeTesting" name="Meeting" time="115.645"/>
</testsuite> <!-- pageObjects.TestCaseThreeTesting -->
